[0.121s] DEBUG:colcon:Command line arguments: ['/usr/bin/colcon', 'build']
[0.121s] DEBUG:colcon:Parsed command line arguments: Namespace(allow_overriding=[], ament_cmake_args=None, base_paths=['.'], build_base='build', catkin_cmake_args=None, catkin_skip_building_tests=False, cmake_args=None, cmake_clean_cache=False, cmake_clean_first=False, cmake_force_configure=False, cmake_target=None, cmake_target_skip_unavailable=False, continue_on_error=False, event_handlers=None, executor='parallel', ignore_user_meta=False, install_base='install', log_base=None, log_level=None, main=<bound method BuildVerb.main of <colcon_core.verb.build.BuildVerb object at 0x7f8e90b4c760>>, merge_install=False, metas=['./colcon.meta'], packages_above=None, packages_above_and_dependencies=None, packages_above_depth=None, packages_end=None, packages_ignore=None, packages_ignore_regex=None, packages_select=None, packages_select_build_failed=False, packages_select_by_dep=None, packages_select_regex=None, packages_select_test_failures=False, packages_skip=None, packages_skip_build_finished=False, packages_skip_by_dep=None, packages_skip_regex=None, packages_skip_test_passed=False, packages_skip_up_to=None, packages_start=None, packages_up_to=None, packages_up_to_regex=None, parallel_workers=6, paths=None, symlink_install=False, test_result_base=None, verb_extension=<colcon_core.verb.build.BuildVerb object at 0x7f8e90b4c760>, verb_name='build', verb_parser=<colcon_defaults.argument_parser.defaults.DefaultArgumentsDecorator object at 0x7f8e90b4ccd0>)
[0.124s] Level 1:colcon.colcon_core.package_discovery:discover_packages(colcon_meta) check parameters
[0.124s] Level 1:colcon.colcon_core.package_discovery:discover_packages(recursive) check parameters
[0.124s] Level 1:colcon.colcon_core.package_discovery:discover_packages(ignore) check parameters
[0.124s] Level 1:colcon.colcon_core.package_discovery:discover_packages(path) check parameters
[0.124s] Level 1:colcon.colcon_core.package_discovery:discover_packages(colcon_meta) discover
[0.125s] Level 1:colcon.colcon_core.package_discovery:discover_packages(recursive) discover
[0.125s] INFO:colcon.colcon_core.package_discovery:Crawling recursively for packages in '/home/william/Área de Trabalho/workspace'
[0.125s] Level 1:colcon.colcon_core.package_identification:_identify(.) by extensions ['ignore', 'ignore_ament_install']
[0.125s] Level 1:colcon.colcon_core.package_identification:_identify(.) by extension 'ignore'
[0.125s] Level 1:colcon.colcon_core.package_identification:_identify(.) by extension 'ignore_ament_install'
[0.125s] Level 1:colcon.colcon_core.package_identification:_identify(.) by extensions ['colcon_pkg']
[0.125s] Level 1:colcon.colcon_core.package_identification:_identify(.) by extension 'colcon_pkg'
[0.125s] Level 1:colcon.colcon_core.package_identification:_identify(.) by extensions ['colcon_meta']
[0.125s] Level 1:colcon.colcon_core.package_identification:_identify(.) by extension 'colcon_meta'
[0.125s] Level 1:colcon.colcon_core.package_identification:_identify(.) by extensions ['ros']
[0.125s] Level 1:colcon.colcon_core.package_identification:_identify(.) by extension 'ros'
[0.134s] Level 1:colcon.colcon_core.package_identification:_identify(.) by extensions ['cmake', 'python']
[0.134s] Level 1:colcon.colcon_core.package_identification:_identify(.) by extension 'cmake'
[0.134s] Level 1:colcon.colcon_core.package_identification:_identify(.) by extension 'python'
[0.134s] Level 1:colcon.colcon_core.package_identification:_identify(.) by extensions ['python_setup_py']
[0.134s] Level 1:colcon.colcon_core.package_identification:_identify(.) by extension 'python_setup_py'
[0.134s] Level 1:colcon.colcon_core.package_identification:_identify(build) by extensions ['ignore', 'ignore_ament_install']
[0.134s] Level 1:colcon.colcon_core.package_identification:_identify(build) by extension 'ignore'
[0.134s] Level 1:colcon.colcon_core.package_identification:_identify(build) ignored
[0.134s] Level 1:colcon.colcon_core.package_identification:_identify(install) by extensions ['ignore', 'ignore_ament_install']
[0.134s] Level 1:colcon.colcon_core.package_identification:_identify(install) by extension 'ignore'
[0.134s] Level 1:colcon.colcon_core.package_identification:_identify(install) ignored
[0.134s] Level 1:colcon.colcon_core.package_identification:_identify(log) by extensions ['ignore', 'ignore_ament_install']
[0.134s] Level 1:colcon.colcon_core.package_identification:_identify(log) by extension 'ignore'
[0.135s] Level 1:colcon.colcon_core.package_identification:_identify(log) ignored
[0.135s] Level 1:colcon.colcon_core.package_identification:_identify(src) by extensions ['ignore', 'ignore_ament_install']
[0.135s] Level 1:colcon.colcon_core.package_identification:_identify(src) by extension 'ignore'
[0.135s] Level 1:colcon.colcon_core.package_identification:_identify(src) by extension 'ignore_ament_install'
[0.135s] Level 1:colcon.colcon_core.package_identification:_identify(src) by extensions ['colcon_pkg']
[0.135s] Level 1:colcon.colcon_core.package_identification:_identify(src) by extension 'colcon_pkg'
[0.135s] Level 1:colcon.colcon_core.package_identification:_identify(src) by extensions ['colcon_meta']
[0.135s] Level 1:colcon.colcon_core.package_identification:_identify(src) by extension 'colcon_meta'
[0.135s] Level 1:colcon.colcon_core.package_identification:_identify(src) by extensions ['ros']
[0.135s] Level 1:colcon.colcon_core.package_identification:_identify(src) by extension 'ros'
[0.135s] Level 1:colcon.colcon_core.package_identification:_identify(src) by extensions ['cmake', 'python']
[0.135s] Level 1:colcon.colcon_core.package_identification:_identify(src) by extension 'cmake'
[0.135s] Level 1:colcon.colcon_core.package_identification:_identify(src) by extension 'python'
[0.135s] Level 1:colcon.colcon_core.package_identification:_identify(src) by extensions ['python_setup_py']
[0.135s] Level 1:colcon.colcon_core.package_identification:_identify(src) by extension 'python_setup_py'
[0.135s] Level 1:colcon.colcon_core.package_identification:_identify(src/my_package) by extensions ['ignore', 'ignore_ament_install']
[0.135s] Level 1:colcon.colcon_core.package_identification:_identify(src/my_package) by extension 'ignore'
[0.135s] Level 1:colcon.colcon_core.package_identification:_identify(src/my_package) by extension 'ignore_ament_install'
[0.135s] Level 1:colcon.colcon_core.package_identification:_identify(src/my_package) by extensions ['colcon_pkg']
[0.135s] Level 1:colcon.colcon_core.package_identification:_identify(src/my_package) by extension 'colcon_pkg'
[0.135s] Level 1:colcon.colcon_core.package_identification:_identify(src/my_package) by extensions ['colcon_meta']
[0.135s] Level 1:colcon.colcon_core.package_identification:_identify(src/my_package) by extension 'colcon_meta'
[0.136s] Level 1:colcon.colcon_core.package_identification:_identify(src/my_package) by extensions ['ros']
[0.136s] Level 1:colcon.colcon_core.package_identification:_identify(src/my_package) by extension 'ros'
[0.137s] DEBUG:colcon.colcon_core.package_identification:Package 'src/my_package' with type 'ros.ament_cmake' and name 'my_package'
[0.137s] Level 1:colcon.colcon_core.package_identification:_identify(src/test) by extensions ['ignore', 'ignore_ament_install']
[0.137s] Level 1:colcon.colcon_core.package_identification:_identify(src/test) by extension 'ignore'
[0.138s] Level 1:colcon.colcon_core.package_identification:_identify(src/test) by extension 'ignore_ament_install'
[0.138s] Level 1:colcon.colcon_core.package_identification:_identify(src/test) by extensions ['colcon_pkg']
[0.138s] Level 1:colcon.colcon_core.package_identification:_identify(src/test) by extension 'colcon_pkg'
[0.138s] Level 1:colcon.colcon_core.package_identification:_identify(src/test) by extensions ['colcon_meta']
[0.138s] Level 1:colcon.colcon_core.package_identification:_identify(src/test) by extension 'colcon_meta'
[0.138s] Level 1:colcon.colcon_core.package_identification:_identify(src/test) by extensions ['ros']
[0.138s] Level 1:colcon.colcon_core.package_identification:_identify(src/test) by extension 'ros'
[0.138s] DEBUG:colcon.colcon_core.package_identification:Package 'src/test' with type 'ros.ament_cmake' and name 'test'
[0.138s] Level 1:colcon.colcon_core.package_discovery:discover_packages(recursive) using defaults
[0.138s] Level 1:colcon.colcon_core.package_discovery:discover_packages(ignore) discover
[0.138s] Level 1:colcon.colcon_core.package_discovery:discover_packages(ignore) using defaults
[0.138s] Level 1:colcon.colcon_core.package_discovery:discover_packages(path) discover
[0.138s] Level 1:colcon.colcon_core.package_discovery:discover_packages(path) using defaults
[0.153s] Level 5:colcon.colcon_core.verb:set package 'my_package' build argument 'cmake_args' from command line to 'None'
[0.153s] Level 5:colcon.colcon_core.verb:set package 'my_package' build argument 'cmake_target' from command line to 'None'
[0.153s] Level 5:colcon.colcon_core.verb:set package 'my_package' build argument 'cmake_target_skip_unavailable' from command line to 'False'
[0.153s] Level 5:colcon.colcon_core.verb:set package 'my_package' build argument 'cmake_clean_cache' from command line to 'False'
[0.153s] Level 5:colcon.colcon_core.verb:set package 'my_package' build argument 'cmake_clean_first' from command line to 'False'
[0.153s] Level 5:colcon.colcon_core.verb:set package 'my_package' build argument 'cmake_force_configure' from command line to 'False'
[0.153s] Level 5:colcon.colcon_core.verb:set package 'my_package' build argument 'ament_cmake_args' from command line to 'None'
[0.153s] Level 5:colcon.colcon_core.verb:set package 'my_package' build argument 'catkin_cmake_args' from command line to 'None'
[0.153s] Level 5:colcon.colcon_core.verb:set package 'my_package' build argument 'catkin_skip_building_tests' from command line to 'False'
[0.153s] DEBUG:colcon.colcon_core.verb:Building package 'my_package' with the following arguments: {'ament_cmake_args': None, 'build_base': '/home/william/Área de Trabalho/workspace/build/my_package', 'catkin_cmake_args': None, 'catkin_skip_building_tests': False, 'cmake_args': None, 'cmake_clean_cache': False, 'cmake_clean_first': False, 'cmake_force_configure': False, 'cmake_target': None, 'cmake_target_skip_unavailable': False, 'install_base': '/home/william/Área de Trabalho/workspace/install/my_package', 'merge_install': False, 'path': '/home/william/Área de Trabalho/workspace/src/my_package', 'symlink_install': False, 'test_result_base': None}
[0.154s] Level 5:colcon.colcon_core.verb:set package 'test' build argument 'cmake_args' from command line to 'None'
[0.154s] Level 5:colcon.colcon_core.verb:set package 'test' build argument 'cmake_target' from command line to 'None'
[0.154s] Level 5:colcon.colcon_core.verb:set package 'test' build argument 'cmake_target_skip_unavailable' from command line to 'False'
[0.154s] Level 5:colcon.colcon_core.verb:set package 'test' build argument 'cmake_clean_cache' from command line to 'False'
[0.154s] Level 5:colcon.colcon_core.verb:set package 'test' build argument 'cmake_clean_first' from command line to 'False'
[0.154s] Level 5:colcon.colcon_core.verb:set package 'test' build argument 'cmake_force_configure' from command line to 'False'
[0.154s] Level 5:colcon.colcon_core.verb:set package 'test' build argument 'ament_cmake_args' from command line to 'None'
[0.154s] Level 5:colcon.colcon_core.verb:set package 'test' build argument 'catkin_cmake_args' from command line to 'None'
[0.154s] Level 5:colcon.colcon_core.verb:set package 'test' build argument 'catkin_skip_building_tests' from command line to 'False'
[0.154s] DEBUG:colcon.colcon_core.verb:Building package 'test' with the following arguments: {'ament_cmake_args': None, 'build_base': '/home/william/Área de Trabalho/workspace/build/test', 'catkin_cmake_args': None, 'catkin_skip_building_tests': False, 'cmake_args': None, 'cmake_clean_cache': False, 'cmake_clean_first': False, 'cmake_force_configure': False, 'cmake_target': None, 'cmake_target_skip_unavailable': False, 'install_base': '/home/william/Área de Trabalho/workspace/install/test', 'merge_install': False, 'path': '/home/william/Área de Trabalho/workspace/src/test', 'symlink_install': False, 'test_result_base': None}
[0.157s] INFO:colcon.colcon_core.executor:Executing jobs using 'parallel' executor
[0.159s] DEBUG:colcon.colcon_parallel_executor.executor.parallel:run_until_complete
[0.159s] INFO:colcon.colcon_ros.task.ament_cmake.build:Building ROS package in '/home/william/Área de Trabalho/workspace/src/my_package' with build type 'ament_cmake'
[0.159s] INFO:colcon.colcon_cmake.task.cmake.build:Building CMake package in '/home/william/Área de Trabalho/workspace/src/my_package'
[0.162s] INFO:colcon.colcon_core.plugin_system:Skipping extension 'colcon_core.shell.bat': Not used on non-Windows systems
[0.162s] INFO:colcon.colcon_core.shell:Skip shell extension 'powershell' for command environment: Not usable outside of PowerShell
[0.162s] DEBUG:colcon.colcon_core.shell:Skip shell extension 'dsv' for command environment
[0.164s] DEBUG:colcon.colcon_core.shell:Ignoring prefix path '/opt/ros/noetic'
[0.166s] INFO:colcon.colcon_ros.task.ament_cmake.build:Building ROS package in '/home/william/Área de Trabalho/workspace/src/test' with build type 'ament_cmake'
[0.166s] INFO:colcon.colcon_cmake.task.cmake.build:Building CMake package in '/home/william/Área de Trabalho/workspace/src/test'
[0.167s] INFO:colcon.colcon_core.shell:Skip shell extension 'powershell' for command environment: Not usable outside of PowerShell
[0.167s] DEBUG:colcon.colcon_core.shell:Skip shell extension 'dsv' for command environment
[0.169s] DEBUG:colcon.colcon_core.shell:Ignoring prefix path '/opt/ros/noetic'
[0.174s] DEBUG:colcon.colcon_core.event_handler.log_command:Invoking command in '/home/william/Área de Trabalho/workspace/build/my_package': CMAKE_PREFIX_PATH=/opt/ros/foxy:${CMAKE_PREFIX_PATH} /usr/local/bin/cmake --build /home/william/Área de Trabalho/workspace/build/my_package -- -j6 -l6
[0.182s] DEBUG:colcon.colcon_core.event_handler.log_command:Invoking command in '/home/william/Área de Trabalho/workspace/build/test': CMAKE_PREFIX_PATH=/opt/ros/foxy:${CMAKE_PREFIX_PATH} /usr/local/bin/cmake --build /home/william/Área de Trabalho/workspace/build/test -- -j6 -l6
[0.211s] DEBUG:colcon.colcon_core.event_handler.log_command:Invoked command in '/home/william/Área de Trabalho/workspace/build/my_package' returned '0': CMAKE_PREFIX_PATH=/opt/ros/foxy:${CMAKE_PREFIX_PATH} /usr/local/bin/cmake --build /home/william/Área de Trabalho/workspace/build/my_package -- -j6 -l6
[0.257s] DEBUG:colcon.colcon_core.event_handler.log_command:Invoking command in '/home/william/Área de Trabalho/workspace/build/my_package': CMAKE_PREFIX_PATH=/opt/ros/foxy:${CMAKE_PREFIX_PATH} /usr/local/bin/cmake --install /home/william/Área de Trabalho/workspace/build/my_package
[0.260s] Level 1:colcon.colcon_core.environment:create_environment_scripts_only(my_package)
[0.262s] DEBUG:colcon.colcon_core.event_handler.log_command:Invoked command in '/home/william/Área de Trabalho/workspace/build/my_package' returned '0': CMAKE_PREFIX_PATH=/opt/ros/foxy:${CMAKE_PREFIX_PATH} /usr/local/bin/cmake --install /home/william/Área de Trabalho/workspace/build/my_package
[0.264s] Level 1:colcon.colcon_core.environment:checking '/home/william/Área de Trabalho/workspace/install/my_package' for CMake module files
[0.265s] Level 1:colcon.colcon_core.environment:checking '/home/william/Área de Trabalho/workspace/install/my_package' for CMake config files
[0.265s] Level 1:colcon.colcon_core.shell:create_environment_hook('my_package', 'cmake_prefix_path')
[0.266s] INFO:colcon.colcon_core.shell:Creating environment hook '/home/william/Área de Trabalho/workspace/install/my_package/share/my_package/hook/cmake_prefix_path.ps1'
[0.266s] INFO:colcon.colcon_core.shell:Creating environment descriptor '/home/william/Área de Trabalho/workspace/install/my_package/share/my_package/hook/cmake_prefix_path.dsv'
[0.267s] INFO:colcon.colcon_core.shell:Creating environment hook '/home/william/Área de Trabalho/workspace/install/my_package/share/my_package/hook/cmake_prefix_path.sh'
[0.267s] Level 1:colcon.colcon_core.environment:checking '/home/william/Área de Trabalho/workspace/install/my_package/lib'
[0.268s] Level 1:colcon.colcon_core.environment:checking '/home/william/Área de Trabalho/workspace/install/my_package/bin'
[0.268s] Level 1:colcon.colcon_core.environment:checking '/home/william/Área de Trabalho/workspace/install/my_package/lib/pkgconfig/my_package.pc'
[0.268s] Level 1:colcon.colcon_core.environment:checking '/home/william/Área de Trabalho/workspace/install/my_package/lib/python3.8/site-packages'
[0.268s] INFO:colcon.colcon_core.shell:Creating package script '/home/william/Área de Trabalho/workspace/install/my_package/share/my_package/package.ps1'
[0.269s] INFO:colcon.colcon_core.shell:Creating package descriptor '/home/william/Área de Trabalho/workspace/install/my_package/share/my_package/package.dsv'
[0.269s] INFO:colcon.colcon_core.shell:Creating package script '/home/william/Área de Trabalho/workspace/install/my_package/share/my_package/package.sh'
[0.270s] INFO:colcon.colcon_core.shell:Creating package script '/home/william/Área de Trabalho/workspace/install/my_package/share/my_package/package.bash'
[0.270s] INFO:colcon.colcon_core.shell:Creating package script '/home/william/Área de Trabalho/workspace/install/my_package/share/my_package/package.zsh'
[0.271s] Level 1:colcon.colcon_core.environment:create_file_with_runtime_dependencies(/home/william/Área de Trabalho/workspace/install/my_package/share/colcon-core/packages/my_package)
[0.288s] Level 1:colcon.colcon_core.environment:create_environment_scripts_only(my_package)
[0.289s] Level 1:colcon.colcon_core.environment:checking '/home/william/Área de Trabalho/workspace/install/my_package' for CMake module files
[0.289s] Level 1:colcon.colcon_core.environment:checking '/home/william/Área de Trabalho/workspace/install/my_package' for CMake config files
[0.290s] Level 1:colcon.colcon_core.shell:create_environment_hook('my_package', 'cmake_prefix_path')
[0.290s] INFO:colcon.colcon_core.shell:Creating environment hook '/home/william/Área de Trabalho/workspace/install/my_package/share/my_package/hook/cmake_prefix_path.ps1'
[0.290s] INFO:colcon.colcon_core.shell:Creating environment descriptor '/home/william/Área de Trabalho/workspace/install/my_package/share/my_package/hook/cmake_prefix_path.dsv'
[0.291s] INFO:colcon.colcon_core.shell:Creating environment hook '/home/william/Área de Trabalho/workspace/install/my_package/share/my_package/hook/cmake_prefix_path.sh'
[0.291s] Level 1:colcon.colcon_core.environment:checking '/home/william/Área de Trabalho/workspace/install/my_package/lib'
[0.291s] Level 1:colcon.colcon_core.environment:checking '/home/william/Área de Trabalho/workspace/install/my_package/bin'
[0.291s] Level 1:colcon.colcon_core.environment:checking '/home/william/Área de Trabalho/workspace/install/my_package/lib/pkgconfig/my_package.pc'
[0.291s] Level 1:colcon.colcon_core.environment:checking '/home/william/Área de Trabalho/workspace/install/my_package/lib/python3.8/site-packages'
[0.292s] INFO:colcon.colcon_core.shell:Creating package script '/home/william/Área de Trabalho/workspace/install/my_package/share/my_package/package.ps1'
[0.292s] INFO:colcon.colcon_core.shell:Creating package descriptor '/home/william/Área de Trabalho/workspace/install/my_package/share/my_package/package.dsv'
[0.293s] INFO:colcon.colcon_core.shell:Creating package script '/home/william/Área de Trabalho/workspace/install/my_package/share/my_package/package.sh'
[0.293s] INFO:colcon.colcon_core.shell:Creating package script '/home/william/Área de Trabalho/workspace/install/my_package/share/my_package/package.bash'
[0.293s] INFO:colcon.colcon_core.shell:Creating package script '/home/william/Área de Trabalho/workspace/install/my_package/share/my_package/package.zsh'
[0.294s] Level 1:colcon.colcon_core.environment:create_file_with_runtime_dependencies(/home/william/Área de Trabalho/workspace/install/my_package/share/colcon-core/packages/my_package)
[0.340s] DEBUG:colcon.colcon_core.event_handler.log_command:Invoked command in '/home/william/Área de Trabalho/workspace/build/test' returned '2': CMAKE_PREFIX_PATH=/opt/ros/foxy:${CMAKE_PREFIX_PATH} /usr/local/bin/cmake --build /home/william/Área de Trabalho/workspace/build/test -- -j6 -l6
[0.356s] Level 1:colcon.colcon_core.environment:create_environment_scripts_only(test)
[0.356s] Level 1:colcon.colcon_core.environment:checking '/home/william/Área de Trabalho/workspace/install/test' for CMake module files
[0.357s] Level 1:colcon.colcon_core.environment:checking '/home/william/Área de Trabalho/workspace/install/test' for CMake config files
[0.357s] Level 1:colcon.colcon_core.shell:create_environment_hook('test', 'cmake_prefix_path')
[0.358s] INFO:colcon.colcon_core.shell:Creating environment hook '/home/william/Área de Trabalho/workspace/install/test/share/test/hook/cmake_prefix_path.ps1'
[0.358s] INFO:colcon.colcon_core.shell:Creating environment descriptor '/home/william/Área de Trabalho/workspace/install/test/share/test/hook/cmake_prefix_path.dsv'
[0.358s] INFO:colcon.colcon_core.shell:Creating environment hook '/home/william/Área de Trabalho/workspace/install/test/share/test/hook/cmake_prefix_path.sh'
[0.359s] Level 1:colcon.colcon_core.environment:checking '/home/william/Área de Trabalho/workspace/install/test/lib'
[0.359s] Level 1:colcon.colcon_core.environment:checking '/home/william/Área de Trabalho/workspace/install/test/bin'
[0.359s] Level 1:colcon.colcon_core.environment:checking '/home/william/Área de Trabalho/workspace/install/test/lib/pkgconfig/test.pc'
[0.359s] Level 1:colcon.colcon_core.environment:checking '/home/william/Área de Trabalho/workspace/install/test/lib/python3.8/site-packages'
[0.360s] INFO:colcon.colcon_core.shell:Creating package script '/home/william/Área de Trabalho/workspace/install/test/share/test/package.ps1'
[0.360s] INFO:colcon.colcon_core.shell:Creating package descriptor '/home/william/Área de Trabalho/workspace/install/test/share/test/package.dsv'
[0.360s] INFO:colcon.colcon_core.shell:Creating package script '/home/william/Área de Trabalho/workspace/install/test/share/test/package.sh'
[0.361s] INFO:colcon.colcon_core.shell:Creating package script '/home/william/Área de Trabalho/workspace/install/test/share/test/package.bash'
[0.361s] INFO:colcon.colcon_core.shell:Creating package script '/home/william/Área de Trabalho/workspace/install/test/share/test/package.zsh'
[0.361s] Level 1:colcon.colcon_core.environment:create_file_with_runtime_dependencies(/home/william/Área de Trabalho/workspace/install/test/share/colcon-core/packages/test)
[0.372s] DEBUG:colcon.colcon_parallel_executor.executor.parallel:closing loop
[0.372s] DEBUG:colcon.colcon_parallel_executor.executor.parallel:loop closed
[0.372s] DEBUG:colcon.colcon_parallel_executor.executor.parallel:run_until_complete finished with '2'
[0.372s] DEBUG:colcon.colcon_core.event_reactor:joining thread
[0.377s] INFO:colcon.colcon_core.plugin_system:Skipping extension 'colcon_notification.desktop_notification.terminal_notifier': Not used on non-Darwin systems
[0.377s] INFO:colcon.colcon_core.plugin_system:Skipping extension 'colcon_notification.desktop_notification.win32': Not used on non-Windows systems
[0.377s] INFO:colcon.colcon_notification.desktop_notification:Sending desktop notification using 'notify2'
[0.388s] DEBUG:colcon.colcon_core.event_reactor:joined thread
[0.389s] INFO:colcon.colcon_core.shell:Creating prefix script '/home/william/Área de Trabalho/workspace/install/local_setup.ps1'
[0.390s] INFO:colcon.colcon_core.shell:Creating prefix util module '/home/william/Área de Trabalho/workspace/install/_local_setup_util_ps1.py'
[0.391s] INFO:colcon.colcon_core.shell:Creating prefix chain script '/home/william/Área de Trabalho/workspace/install/setup.ps1'
[0.392s] INFO:colcon.colcon_core.shell:Creating prefix script '/home/william/Área de Trabalho/workspace/install/local_setup.sh'
[0.392s] INFO:colcon.colcon_core.shell:Creating prefix util module '/home/william/Área de Trabalho/workspace/install/_local_setup_util_sh.py'
[0.392s] INFO:colcon.colcon_core.shell:Creating prefix chain script '/home/william/Área de Trabalho/workspace/install/setup.sh'
[0.393s] INFO:colcon.colcon_core.shell:Creating prefix script '/home/william/Área de Trabalho/workspace/install/local_setup.bash'
[0.394s] INFO:colcon.colcon_core.shell:Creating prefix chain script '/home/william/Área de Trabalho/workspace/install/setup.bash'
[0.394s] INFO:colcon.colcon_core.shell:Creating prefix script '/home/william/Área de Trabalho/workspace/install/local_setup.zsh'
[0.395s] INFO:colcon.colcon_core.shell:Creating prefix chain script '/home/william/Área de Trabalho/workspace/install/setup.zsh'
