[0.018s] Invoking command in '/home/william/Área de Trabalho/workspace/build/my_package': CMAKE_PREFIX_PATH=/opt/ros/foxy /usr/local/bin/cmake /home/william/Área de Trabalho/workspace/src/my_package -DCMAKE_INSTALL_PREFIX=/home/william/Área de Trabalho/workspace/install/my_package
[0.074s] -- The C compiler identification is GNU 9.4.0
[0.124s] -- The CXX compiler identification is GNU 9.4.0
[0.132s] -- Detecting C compiler ABI info
[0.188s] -- Detecting C compiler ABI info - done
[0.191s] -- Check for working C compiler: /usr/bin/cc - skipped
[0.191s] -- Detecting C compile features
[0.192s] -- Detecting C compile features - done
[0.201s] -- Detecting CXX compiler ABI info
[0.266s] -- Detecting CXX compiler ABI info - done
[0.274s] -- Check for working CXX compiler: /usr/bin/c++ - skipped
[0.274s] -- Detecting CXX compile features
[0.275s] -- Detecting CXX compile features - done
[0.277s] -- Found ament_cmake: 0.9.9 (/opt/ros/foxy/share/ament_cmake/cmake)
[0.302s] -- Found PythonInterp: /usr/bin/python3 (found suitable version "3.8.10", minimum required is "3") 
[0.302s] -- Using PYTHON_EXECUTABLE: /usr/bin/python3
[0.480s] -- Found ament_lint_auto: 0.9.6 (/opt/ros/foxy/share/ament_lint_auto/cmake)
[0.541s] -- Added test 'copyright' to check source files copyright and LICENSE
[0.542s] -- Added test 'cppcheck' to perform static code analysis on C / C++ code
[0.542s] -- Configured cppcheck include dirs: $<BUILD_INTERFACE:/home/william/Área de Trabalho/workspace/src/my_package/include>
[0.542s] -- Configured cppcheck exclude dirs and/or files: 
[0.543s] -- Added test 'cpplint' to check C / C++ code against the Google style
[0.543s] -- Configured cpplint exclude dirs and/or files: 
[0.543s] -- Added test 'lint_cmake' to check CMake code style
[0.544s] -- Added test 'uncrustify' to check C / C++ code style
[0.544s] -- Configured uncrustify additional arguments: 
[0.544s] -- Added test 'xmllint' to check XML markup files
[0.545s] -- Configuring done
[0.548s] -- Generating done
[0.552s] -- Build files have been written to: /home/william/Área de Trabalho/workspace/build/my_package
[0.553s] Invoked command in '/home/william/Área de Trabalho/workspace/build/my_package' returned '0': CMAKE_PREFIX_PATH=/opt/ros/foxy /usr/local/bin/cmake /home/william/Área de Trabalho/workspace/src/my_package -DCMAKE_INSTALL_PREFIX=/home/william/Área de Trabalho/workspace/install/my_package
[0.558s] Invoking command in '/home/william/Área de Trabalho/workspace/build/my_package': CMAKE_PREFIX_PATH=/opt/ros/foxy /usr/local/bin/cmake --build /home/william/Área de Trabalho/workspace/build/my_package -- -j6 -l6
[0.574s] [ 50%] [32mBuilding CXX object CMakeFiles/my_node.dir/src/my_node.cpp.o[0m
[0.593s] [100%] [32m[1mLinking CXX executable my_node[0m
[0.623s] [100%] Built target my_node
[0.634s] Invoked command in '/home/william/Área de Trabalho/workspace/build/my_package' returned '0': CMAKE_PREFIX_PATH=/opt/ros/foxy /usr/local/bin/cmake --build /home/william/Área de Trabalho/workspace/build/my_package -- -j6 -l6
[0.655s] Invoking command in '/home/william/Área de Trabalho/workspace/build/my_package': CMAKE_PREFIX_PATH=/opt/ros/foxy /usr/local/bin/cmake --install /home/william/Área de Trabalho/workspace/build/my_package
[0.656s] -- Install configuration: ""
[0.656s] -- Installing: /home/william/Área de Trabalho/workspace/install/my_package/lib/my_package/my_node
[0.656s] -- Installing: /home/william/Área de Trabalho/workspace/install/my_package/share/ament_index/resource_index/package_run_dependencies/my_package
[0.656s] -- Installing: /home/william/Área de Trabalho/workspace/install/my_package/share/ament_index/resource_index/parent_prefix_path/my_package
[0.657s] -- Installing: /home/william/Área de Trabalho/workspace/install/my_package/share/my_package/environment/ament_prefix_path.sh
[0.657s] -- Installing: /home/william/Área de Trabalho/workspace/install/my_package/share/my_package/environment/ament_prefix_path.dsv
[0.657s] -- Installing: /home/william/Área de Trabalho/workspace/install/my_package/share/my_package/environment/path.sh
[0.657s] -- Installing: /home/william/Área de Trabalho/workspace/install/my_package/share/my_package/environment/path.dsv
[0.657s] -- Installing: /home/william/Área de Trabalho/workspace/install/my_package/share/my_package/local_setup.bash
[0.657s] -- Installing: /home/william/Área de Trabalho/workspace/install/my_package/share/my_package/local_setup.sh
[0.657s] -- Installing: /home/william/Área de Trabalho/workspace/install/my_package/share/my_package/local_setup.zsh
[0.658s] -- Installing: /home/william/Área de Trabalho/workspace/install/my_package/share/my_package/local_setup.dsv
[0.658s] -- Installing: /home/william/Área de Trabalho/workspace/install/my_package/share/my_package/package.dsv
[0.658s] -- Installing: /home/william/Área de Trabalho/workspace/install/my_package/share/ament_index/resource_index/packages/my_package
[0.658s] -- Installing: /home/william/Área de Trabalho/workspace/install/my_package/share/my_package/cmake/my_packageConfig.cmake
[0.658s] -- Installing: /home/william/Área de Trabalho/workspace/install/my_package/share/my_package/cmake/my_packageConfig-version.cmake
[0.658s] -- Installing: /home/william/Área de Trabalho/workspace/install/my_package/share/my_package/package.xml
[0.666s] Invoked command in '/home/william/Área de Trabalho/workspace/build/my_package' returned '0': CMAKE_PREFIX_PATH=/opt/ros/foxy /usr/local/bin/cmake --install /home/william/Área de Trabalho/workspace/build/my_package
