[0.016s] Invoking command in '/home/william/Área de Trabalho/workspace/build/my_package': CMAKE_PREFIX_PATH=/home/william/Área de Trabalho/workspace/install/test:/home/william/Área de Trabalho/workspace/install/my_package:/opt/ros/foxy:/opt/ros/noetic /usr/local/bin/cmake --build /home/william/Área de Trabalho/workspace/build/my_package -- -j6 -l6
[0.045s] [100%] Built target my_node
[0.048s] Invoked command in '/home/william/Área de Trabalho/workspace/build/my_package' returned '0': CMAKE_PREFIX_PATH=/home/william/Área de Trabalho/workspace/install/test:/home/william/Área de Trabalho/workspace/install/my_package:/opt/ros/foxy:/opt/ros/noetic /usr/local/bin/cmake --build /home/william/Área de Trabalho/workspace/build/my_package -- -j6 -l6
[0.078s] Invoking command in '/home/william/Área de Trabalho/workspace/build/my_package': CMAKE_PREFIX_PATH=/home/william/Área de Trabalho/workspace/install/test:/home/william/Área de Trabalho/workspace/install/my_package:/opt/ros/foxy:/opt/ros/noetic /usr/local/bin/cmake --install /home/william/Área de Trabalho/workspace/build/my_package
[0.079s] -- Install configuration: ""
[0.079s] -- Up-to-date: /home/william/Área de Trabalho/workspace/install/my_package/lib/my_package/my_node
[0.080s] -- Up-to-date: /home/william/Área de Trabalho/workspace/install/my_package/share/ament_index/resource_index/package_run_dependencies/my_package
[0.080s] -- Up-to-date: /home/william/Área de Trabalho/workspace/install/my_package/share/ament_index/resource_index/parent_prefix_path/my_package
[0.080s] -- Up-to-date: /home/william/Área de Trabalho/workspace/install/my_package/share/my_package/environment/ament_prefix_path.sh
[0.080s] -- Up-to-date: /home/william/Área de Trabalho/workspace/install/my_package/share/my_package/environment/ament_prefix_path.dsv
[0.080s] -- Up-to-date: /home/william/Área de Trabalho/workspace/install/my_package/share/my_package/environment/path.sh
[0.080s] -- Up-to-date: /home/william/Área de Trabalho/workspace/install/my_package/share/my_package/environment/path.dsv
[0.080s] -- Up-to-date: /home/william/Área de Trabalho/workspace/install/my_package/share/my_package/local_setup.bash
[0.080s] -- Up-to-date: /home/william/Área de Trabalho/workspace/install/my_package/share/my_package/local_setup.sh
[0.080s] -- Up-to-date: /home/william/Área de Trabalho/workspace/install/my_package/share/my_package/local_setup.zsh
[0.081s] -- Up-to-date: /home/william/Área de Trabalho/workspace/install/my_package/share/my_package/local_setup.dsv
[0.081s] -- Installing: /home/william/Área de Trabalho/workspace/install/my_package/share/my_package/package.dsv
[0.081s] -- Up-to-date: /home/william/Área de Trabalho/workspace/install/my_package/share/ament_index/resource_index/packages/my_package
[0.082s] -- Up-to-date: /home/william/Área de Trabalho/workspace/install/my_package/share/my_package/cmake/my_packageConfig.cmake
[0.082s] -- Up-to-date: /home/william/Área de Trabalho/workspace/install/my_package/share/my_package/cmake/my_packageConfig-version.cmake
[0.083s] -- Up-to-date: /home/william/Área de Trabalho/workspace/install/my_package/share/my_package/package.xml
[0.083s] Invoked command in '/home/william/Área de Trabalho/workspace/build/my_package' returned '0': CMAKE_PREFIX_PATH=/home/william/Área de Trabalho/workspace/install/test:/home/william/Área de Trabalho/workspace/install/my_package:/opt/ros/foxy:/opt/ros/noetic /usr/local/bin/cmake --install /home/william/Área de Trabalho/workspace/build/my_package
