[0.018s] Invoking command in '/home/william/Área de Trabalho/workspace/build/my_package': /usr/local/bin/cmake --build /home/william/Área de Trabalho/workspace/build/my_package -- -j6 -l6
[0.150s] [100%] Built target my_node
[0.154s] Invoked command in '/home/william/Área de Trabalho/workspace/build/my_package' returned '0': /usr/local/bin/cmake --build /home/william/Área de Trabalho/workspace/build/my_package -- -j6 -l6
[0.170s] Invoking command in '/home/william/Área de Trabalho/workspace/build/my_package': /usr/local/bin/cmake --install /home/william/Área de Trabalho/workspace/build/my_package
[0.174s] -- Install configuration: ""
[0.175s] -- Up-to-date: /home/william/Área de Trabalho/workspace/install/my_package/lib/my_package/my_node
[0.177s] -- Up-to-date: /home/william/Área de Trabalho/workspace/install/my_package/share/ament_index/resource_index/package_run_dependencies/my_package
[0.177s] -- Up-to-date: /home/william/Área de Trabalho/workspace/install/my_package/share/ament_index/resource_index/parent_prefix_path/my_package
[0.179s] -- Up-to-date: /home/william/Área de Trabalho/workspace/install/my_package/share/my_package/environment/ament_prefix_path.sh
[0.179s] -- Up-to-date: /home/william/Área de Trabalho/workspace/install/my_package/share/my_package/environment/ament_prefix_path.dsv
[0.179s] -- Up-to-date: /home/william/Área de Trabalho/workspace/install/my_package/share/my_package/environment/path.sh
[0.179s] -- Up-to-date: /home/william/Área de Trabalho/workspace/install/my_package/share/my_package/environment/path.dsv
[0.179s] -- Up-to-date: /home/william/Área de Trabalho/workspace/install/my_package/share/my_package/local_setup.bash
[0.179s] -- Up-to-date: /home/william/Área de Trabalho/workspace/install/my_package/share/my_package/local_setup.sh
[0.179s] -- Up-to-date: /home/william/Área de Trabalho/workspace/install/my_package/share/my_package/local_setup.zsh
[0.179s] -- Up-to-date: /home/william/Área de Trabalho/workspace/install/my_package/share/my_package/local_setup.dsv
[0.179s] -- Installing: /home/william/Área de Trabalho/workspace/install/my_package/share/my_package/package.dsv
[0.179s] -- Up-to-date: /home/william/Área de Trabalho/workspace/install/my_package/share/ament_index/resource_index/packages/my_package
[0.179s] -- Up-to-date: /home/william/Área de Trabalho/workspace/install/my_package/share/my_package/cmake/my_packageConfig.cmake
[0.180s] -- Up-to-date: /home/william/Área de Trabalho/workspace/install/my_package/share/my_package/cmake/my_packageConfig-version.cmake
[0.180s] -- Up-to-date: /home/william/Área de Trabalho/workspace/install/my_package/share/my_package/package.xml
[0.181s] Invoked command in '/home/william/Área de Trabalho/workspace/build/my_package' returned '0': /usr/local/bin/cmake --install /home/william/Área de Trabalho/workspace/build/my_package
