[0.016s] Invoking command in '/home/william/Área de Trabalho/workspace/build/my_package': CMAKE_PREFIX_PATH=/opt/ros/foxy:${CMAKE_PREFIX_PATH} /usr/local/bin/cmake --build /home/william/Área de Trabalho/workspace/build/my_package -- -j6 -l6
[0.036s] [100%] Built target my_node
[0.040s] Invoked command in '/home/william/Área de Trabalho/workspace/build/my_package' returned '0': CMAKE_PREFIX_PATH=/opt/ros/foxy:${CMAKE_PREFIX_PATH} /usr/local/bin/cmake --build /home/william/Área de Trabalho/workspace/build/my_package -- -j6 -l6
[0.063s] Invoking command in '/home/william/Área de Trabalho/workspace/build/my_package': CMAKE_PREFIX_PATH=/opt/ros/foxy:${CMAKE_PREFIX_PATH} /usr/local/bin/cmake --install /home/william/Área de Trabalho/workspace/build/my_package
[0.065s] -- Install configuration: ""
[0.065s] -- Up-to-date: /home/william/Área de Trabalho/workspace/install/my_package/lib/my_package/my_node
[0.065s] -- Up-to-date: /home/william/Área de Trabalho/workspace/install/my_package/share/ament_index/resource_index/package_run_dependencies/my_package
[0.065s] -- Up-to-date: /home/william/Área de Trabalho/workspace/install/my_package/share/ament_index/resource_index/parent_prefix_path/my_package
[0.065s] -- Up-to-date: /home/william/Área de Trabalho/workspace/install/my_package/share/my_package/environment/ament_prefix_path.sh
[0.065s] -- Up-to-date: /home/william/Área de Trabalho/workspace/install/my_package/share/my_package/environment/ament_prefix_path.dsv
[0.066s] -- Up-to-date: /home/william/Área de Trabalho/workspace/install/my_package/share/my_package/environment/path.sh
[0.066s] -- Up-to-date: /home/william/Área de Trabalho/workspace/install/my_package/share/my_package/environment/path.dsv
[0.066s] -- Up-to-date: /home/william/Área de Trabalho/workspace/install/my_package/share/my_package/local_setup.bash
[0.066s] -- Up-to-date: /home/william/Área de Trabalho/workspace/install/my_package/share/my_package/local_setup.sh
[0.066s] -- Up-to-date: /home/william/Área de Trabalho/workspace/install/my_package/share/my_package/local_setup.zsh
[0.066s] -- Up-to-date: /home/william/Área de Trabalho/workspace/install/my_package/share/my_package/local_setup.dsv
[0.066s] -- Installing: /home/william/Área de Trabalho/workspace/install/my_package/share/my_package/package.dsv
[0.066s] -- Up-to-date: /home/william/Área de Trabalho/workspace/install/my_package/share/ament_index/resource_index/packages/my_package
[0.067s] -- Up-to-date: /home/william/Área de Trabalho/workspace/install/my_package/share/my_package/cmake/my_packageConfig.cmake
[0.068s] -- Up-to-date: /home/william/Área de Trabalho/workspace/install/my_package/share/my_package/cmake/my_packageConfig-version.cmake
[0.068s] -- Up-to-date: /home/william/Área de Trabalho/workspace/install/my_package/share/my_package/package.xml
[0.068s] Invoked command in '/home/william/Área de Trabalho/workspace/build/my_package' returned '0': CMAKE_PREFIX_PATH=/opt/ros/foxy:${CMAKE_PREFIX_PATH} /usr/local/bin/cmake --install /home/william/Área de Trabalho/workspace/build/my_package
