[0.121s] DEBUG:colcon:Command line arguments: ['/usr/bin/colcon', 'build']
[0.121s] DEBUG:colcon:Parsed command line arguments: Namespace(allow_overriding=[], ament_cmake_args=None, base_paths=['.'], build_base='build', catkin_cmake_args=None, catkin_skip_building_tests=False, cmake_args=None, cmake_clean_cache=False, cmake_clean_first=False, cmake_force_configure=False, cmake_target=None, cmake_target_skip_unavailable=False, continue_on_error=False, event_handlers=None, executor='parallel', ignore_user_meta=False, install_base='install', log_base=None, log_level=None, main=<bound method BuildVerb.main of <colcon_core.verb.build.BuildVerb object at 0x7fdba6616cd0>>, merge_install=False, metas=['./colcon.meta'], packages_above=None, packages_above_and_dependencies=None, packages_above_depth=None, packages_end=None, packages_ignore=None, packages_ignore_regex=None, packages_select=None, packages_select_build_failed=False, packages_select_by_dep=None, packages_select_regex=None, packages_select_test_failures=False, packages_skip=None, packages_skip_build_finished=False, packages_skip_by_dep=None, packages_skip_regex=None, packages_skip_test_passed=False, packages_skip_up_to=None, packages_start=None, packages_up_to=None, packages_up_to_regex=None, parallel_workers=6, paths=None, symlink_install=False, test_result_base=None, verb_extension=<colcon_core.verb.build.BuildVerb object at 0x7fdba6616cd0>, verb_name='build', verb_parser=<colcon_defaults.argument_parser.defaults.DefaultArgumentsDecorator object at 0x7fdba6622280>)
[0.125s] Level 1:colcon.colcon_core.package_discovery:discover_packages(colcon_meta) check parameters
[0.125s] Level 1:colcon.colcon_core.package_discovery:discover_packages(recursive) check parameters
[0.125s] Level 1:colcon.colcon_core.package_discovery:discover_packages(ignore) check parameters
[0.125s] Level 1:colcon.colcon_core.package_discovery:discover_packages(path) check parameters
[0.125s] Level 1:colcon.colcon_core.package_discovery:discover_packages(colcon_meta) discover
[0.125s] Level 1:colcon.colcon_core.package_discovery:discover_packages(recursive) discover
[0.125s] INFO:colcon.colcon_core.package_discovery:Crawling recursively for packages in '/home/william/Área de Trabalho/workspace'
[0.125s] Level 1:colcon.colcon_core.package_identification:_identify(.) by extensions ['ignore', 'ignore_ament_install']
[0.125s] Level 1:colcon.colcon_core.package_identification:_identify(.) by extension 'ignore'
[0.125s] Level 1:colcon.colcon_core.package_identification:_identify(.) by extension 'ignore_ament_install'
[0.126s] Level 1:colcon.colcon_core.package_identification:_identify(.) by extensions ['colcon_pkg']
[0.126s] Level 1:colcon.colcon_core.package_identification:_identify(.) by extension 'colcon_pkg'
[0.126s] Level 1:colcon.colcon_core.package_identification:_identify(.) by extensions ['colcon_meta']
[0.126s] Level 1:colcon.colcon_core.package_identification:_identify(.) by extension 'colcon_meta'
[0.126s] Level 1:colcon.colcon_core.package_identification:_identify(.) by extensions ['ros']
[0.126s] Level 1:colcon.colcon_core.package_identification:_identify(.) by extension 'ros'
[0.135s] Level 1:colcon.colcon_core.package_identification:_identify(.) by extensions ['cmake', 'python']
[0.136s] Level 1:colcon.colcon_core.package_identification:_identify(.) by extension 'cmake'
[0.136s] Level 1:colcon.colcon_core.package_identification:_identify(.) by extension 'python'
[0.136s] Level 1:colcon.colcon_core.package_identification:_identify(.) by extensions ['python_setup_py']
[0.136s] Level 1:colcon.colcon_core.package_identification:_identify(.) by extension 'python_setup_py'
[0.136s] Level 1:colcon.colcon_core.package_identification:_identify(build) by extensions ['ignore', 'ignore_ament_install']
[0.136s] Level 1:colcon.colcon_core.package_identification:_identify(build) by extension 'ignore'
[0.136s] Level 1:colcon.colcon_core.package_identification:_identify(build) ignored
[0.136s] Level 1:colcon.colcon_core.package_identification:_identify(install) by extensions ['ignore', 'ignore_ament_install']
[0.136s] Level 1:colcon.colcon_core.package_identification:_identify(install) by extension 'ignore'
[0.136s] Level 1:colcon.colcon_core.package_identification:_identify(install) ignored
[0.136s] Level 1:colcon.colcon_core.package_identification:_identify(log) by extensions ['ignore', 'ignore_ament_install']
[0.136s] Level 1:colcon.colcon_core.package_identification:_identify(log) by extension 'ignore'
[0.136s] Level 1:colcon.colcon_core.package_identification:_identify(log) ignored
[0.136s] Level 1:colcon.colcon_core.package_identification:_identify(src) by extensions ['ignore', 'ignore_ament_install']
[0.136s] Level 1:colcon.colcon_core.package_identification:_identify(src) by extension 'ignore'
[0.136s] Level 1:colcon.colcon_core.package_identification:_identify(src) by extension 'ignore_ament_install'
[0.137s] Level 1:colcon.colcon_core.package_identification:_identify(src) by extensions ['colcon_pkg']
[0.137s] Level 1:colcon.colcon_core.package_identification:_identify(src) by extension 'colcon_pkg'
[0.137s] Level 1:colcon.colcon_core.package_identification:_identify(src) by extensions ['colcon_meta']
[0.137s] Level 1:colcon.colcon_core.package_identification:_identify(src) by extension 'colcon_meta'
[0.137s] Level 1:colcon.colcon_core.package_identification:_identify(src) by extensions ['ros']
[0.137s] Level 1:colcon.colcon_core.package_identification:_identify(src) by extension 'ros'
[0.137s] Level 1:colcon.colcon_core.package_identification:_identify(src) by extensions ['cmake', 'python']
[0.137s] Level 1:colcon.colcon_core.package_identification:_identify(src) by extension 'cmake'
[0.137s] Level 1:colcon.colcon_core.package_identification:_identify(src) by extension 'python'
[0.137s] Level 1:colcon.colcon_core.package_identification:_identify(src) by extensions ['python_setup_py']
[0.137s] Level 1:colcon.colcon_core.package_identification:_identify(src) by extension 'python_setup_py'
[0.137s] Level 1:colcon.colcon_core.package_identification:_identify(src/my_package) by extensions ['ignore', 'ignore_ament_install']
[0.137s] Level 1:colcon.colcon_core.package_identification:_identify(src/my_package) by extension 'ignore'
[0.137s] Level 1:colcon.colcon_core.package_identification:_identify(src/my_package) by extension 'ignore_ament_install'
[0.137s] Level 1:colcon.colcon_core.package_identification:_identify(src/my_package) by extensions ['colcon_pkg']
[0.137s] Level 1:colcon.colcon_core.package_identification:_identify(src/my_package) by extension 'colcon_pkg'
[0.137s] Level 1:colcon.colcon_core.package_identification:_identify(src/my_package) by extensions ['colcon_meta']
[0.137s] Level 1:colcon.colcon_core.package_identification:_identify(src/my_package) by extension 'colcon_meta'
[0.137s] Level 1:colcon.colcon_core.package_identification:_identify(src/my_package) by extensions ['ros']
[0.137s] Level 1:colcon.colcon_core.package_identification:_identify(src/my_package) by extension 'ros'
[0.139s] DEBUG:colcon.colcon_core.package_identification:Package 'src/my_package' with type 'ros.ament_cmake' and name 'my_package'
[0.139s] Level 1:colcon.colcon_core.package_identification:_identify(src/test) by extensions ['ignore', 'ignore_ament_install']
[0.139s] Level 1:colcon.colcon_core.package_identification:_identify(src/test) by extension 'ignore'
[0.139s] Level 1:colcon.colcon_core.package_identification:_identify(src/test) by extension 'ignore_ament_install'
[0.140s] Level 1:colcon.colcon_core.package_identification:_identify(src/test) by extensions ['colcon_pkg']
[0.140s] Level 1:colcon.colcon_core.package_identification:_identify(src/test) by extension 'colcon_pkg'
[0.140s] Level 1:colcon.colcon_core.package_identification:_identify(src/test) by extensions ['colcon_meta']
[0.140s] Level 1:colcon.colcon_core.package_identification:_identify(src/test) by extension 'colcon_meta'
[0.140s] Level 1:colcon.colcon_core.package_identification:_identify(src/test) by extensions ['ros']
[0.140s] Level 1:colcon.colcon_core.package_identification:_identify(src/test) by extension 'ros'
[0.140s] DEBUG:colcon.colcon_core.package_identification:Package 'src/test' with type 'ros.ament_cmake' and name 'test'
[0.140s] Level 1:colcon.colcon_core.package_discovery:discover_packages(recursive) using defaults
[0.140s] Level 1:colcon.colcon_core.package_discovery:discover_packages(ignore) discover
[0.140s] Level 1:colcon.colcon_core.package_discovery:discover_packages(ignore) using defaults
[0.140s] Level 1:colcon.colcon_core.package_discovery:discover_packages(path) discover
[0.140s] Level 1:colcon.colcon_core.package_discovery:discover_packages(path) using defaults
[0.156s] Level 5:colcon.colcon_core.verb:set package 'my_package' build argument 'cmake_args' from command line to 'None'
[0.156s] Level 5:colcon.colcon_core.verb:set package 'my_package' build argument 'cmake_target' from command line to 'None'
[0.156s] Level 5:colcon.colcon_core.verb:set package 'my_package' build argument 'cmake_target_skip_unavailable' from command line to 'False'
[0.156s] Level 5:colcon.colcon_core.verb:set package 'my_package' build argument 'cmake_clean_cache' from command line to 'False'
[0.156s] Level 5:colcon.colcon_core.verb:set package 'my_package' build argument 'cmake_clean_first' from command line to 'False'
[0.156s] Level 5:colcon.colcon_core.verb:set package 'my_package' build argument 'cmake_force_configure' from command line to 'False'
[0.156s] Level 5:colcon.colcon_core.verb:set package 'my_package' build argument 'ament_cmake_args' from command line to 'None'
[0.156s] Level 5:colcon.colcon_core.verb:set package 'my_package' build argument 'catkin_cmake_args' from command line to 'None'
[0.156s] Level 5:colcon.colcon_core.verb:set package 'my_package' build argument 'catkin_skip_building_tests' from command line to 'False'
[0.156s] DEBUG:colcon.colcon_core.verb:Building package 'my_package' with the following arguments: {'ament_cmake_args': None, 'build_base': '/home/william/Área de Trabalho/workspace/build/my_package', 'catkin_cmake_args': None, 'catkin_skip_building_tests': False, 'cmake_args': None, 'cmake_clean_cache': False, 'cmake_clean_first': False, 'cmake_force_configure': False, 'cmake_target': None, 'cmake_target_skip_unavailable': False, 'install_base': '/home/william/Área de Trabalho/workspace/install/my_package', 'merge_install': False, 'path': '/home/william/Área de Trabalho/workspace/src/my_package', 'symlink_install': False, 'test_result_base': None}
[0.157s] Level 5:colcon.colcon_core.verb:set package 'test' build argument 'cmake_args' from command line to 'None'
[0.157s] Level 5:colcon.colcon_core.verb:set package 'test' build argument 'cmake_target' from command line to 'None'
[0.157s] Level 5:colcon.colcon_core.verb:set package 'test' build argument 'cmake_target_skip_unavailable' from command line to 'False'
[0.157s] Level 5:colcon.colcon_core.verb:set package 'test' build argument 'cmake_clean_cache' from command line to 'False'
[0.157s] Level 5:colcon.colcon_core.verb:set package 'test' build argument 'cmake_clean_first' from command line to 'False'
[0.157s] Level 5:colcon.colcon_core.verb:set package 'test' build argument 'cmake_force_configure' from command line to 'False'
[0.157s] Level 5:colcon.colcon_core.verb:set package 'test' build argument 'ament_cmake_args' from command line to 'None'
[0.157s] Level 5:colcon.colcon_core.verb:set package 'test' build argument 'catkin_cmake_args' from command line to 'None'
[0.157s] Level 5:colcon.colcon_core.verb:set package 'test' build argument 'catkin_skip_building_tests' from command line to 'False'
[0.157s] DEBUG:colcon.colcon_core.verb:Building package 'test' with the following arguments: {'ament_cmake_args': None, 'build_base': '/home/william/Área de Trabalho/workspace/build/test', 'catkin_cmake_args': None, 'catkin_skip_building_tests': False, 'cmake_args': None, 'cmake_clean_cache': False, 'cmake_clean_first': False, 'cmake_force_configure': False, 'cmake_target': None, 'cmake_target_skip_unavailable': False, 'install_base': '/home/william/Área de Trabalho/workspace/install/test', 'merge_install': False, 'path': '/home/william/Área de Trabalho/workspace/src/test', 'symlink_install': False, 'test_result_base': None}
[0.160s] WARNING:colcon.colcon_core.verb:Some selected packages are already built in one or more underlay workspaces:
	'my_package' is in: /home/william/Área de Trabalho/workspace/install/my_package
	'test' is in: /home/william/Área de Trabalho/workspace/install/test
If a package in a merged underlay workspace is overridden and it installs headers, then all packages in the overlay must sort their include directories by workspace order. Failure to do so may result in build failures or undefined behavior at run time.
If the overridden package is used by another package in any underlay, then the overriding package in the overlay must be API and ABI compatible or undefined behavior at run time may occur.

If you understand the risks and want to override a package anyways, add the following to the command line:
	--allow-overriding my_package test

This may be promoted to an error in a future release of colcon-core.
[0.160s] INFO:colcon.colcon_core.executor:Executing jobs using 'parallel' executor
[0.162s] DEBUG:colcon.colcon_parallel_executor.executor.parallel:run_until_complete
[0.162s] INFO:colcon.colcon_ros.task.ament_cmake.build:Building ROS package in '/home/william/Área de Trabalho/workspace/src/my_package' with build type 'ament_cmake'
[0.162s] INFO:colcon.colcon_cmake.task.cmake.build:Building CMake package in '/home/william/Área de Trabalho/workspace/src/my_package'
[0.165s] INFO:colcon.colcon_core.plugin_system:Skipping extension 'colcon_core.shell.bat': Not used on non-Windows systems
[0.165s] INFO:colcon.colcon_core.shell:Skip shell extension 'powershell' for command environment: Not usable outside of PowerShell
[0.165s] DEBUG:colcon.colcon_core.shell:Skip shell extension 'dsv' for command environment
[0.169s] INFO:colcon.colcon_ros.task.ament_cmake.build:Building ROS package in '/home/william/Área de Trabalho/workspace/src/test' with build type 'ament_cmake'
[0.169s] INFO:colcon.colcon_cmake.task.cmake.build:Building CMake package in '/home/william/Área de Trabalho/workspace/src/test'
[0.170s] INFO:colcon.colcon_core.shell:Skip shell extension 'powershell' for command environment: Not usable outside of PowerShell
[0.170s] DEBUG:colcon.colcon_core.shell:Skip shell extension 'dsv' for command environment
[0.181s] DEBUG:colcon.colcon_core.event_handler.log_command:Invoking command in '/home/william/Área de Trabalho/workspace/build/my_package': CMAKE_PREFIX_PATH=${CMAKE_PREFIX_PATH}:/opt/ros/foxy /usr/local/bin/cmake --build /home/william/Área de Trabalho/workspace/build/my_package -- -j6 -l6
[0.186s] DEBUG:colcon.colcon_core.event_handler.log_command:Invoking command in '/home/william/Área de Trabalho/workspace/build/test': CMAKE_PREFIX_PATH=${CMAKE_PREFIX_PATH}:/opt/ros/foxy /usr/local/bin/cmake --build /home/william/Área de Trabalho/workspace/build/test -- -j6 -l6
[0.237s] DEBUG:colcon.colcon_core.event_handler.log_command:Invoked command in '/home/william/Área de Trabalho/workspace/build/my_package' returned '0': CMAKE_PREFIX_PATH=${CMAKE_PREFIX_PATH}:/opt/ros/foxy /usr/local/bin/cmake --build /home/william/Área de Trabalho/workspace/build/my_package -- -j6 -l6
[0.276s] DEBUG:colcon.colcon_core.event_handler.log_command:Invoking command in '/home/william/Área de Trabalho/workspace/build/my_package': CMAKE_PREFIX_PATH=${CMAKE_PREFIX_PATH}:/opt/ros/foxy /usr/local/bin/cmake --install /home/william/Área de Trabalho/workspace/build/my_package
[0.280s] Level 1:colcon.colcon_core.environment:create_environment_scripts_only(my_package)
[0.281s] DEBUG:colcon.colcon_core.event_handler.log_command:Invoked command in '/home/william/Área de Trabalho/workspace/build/my_package' returned '0': CMAKE_PREFIX_PATH=${CMAKE_PREFIX_PATH}:/opt/ros/foxy /usr/local/bin/cmake --install /home/william/Área de Trabalho/workspace/build/my_package
[0.284s] Level 1:colcon.colcon_core.environment:checking '/home/william/Área de Trabalho/workspace/install/my_package' for CMake module files
[0.284s] Level 1:colcon.colcon_core.environment:checking '/home/william/Área de Trabalho/workspace/install/my_package' for CMake config files
[0.285s] Level 1:colcon.colcon_core.shell:create_environment_hook('my_package', 'cmake_prefix_path')
[0.285s] INFO:colcon.colcon_core.shell:Creating environment hook '/home/william/Área de Trabalho/workspace/install/my_package/share/my_package/hook/cmake_prefix_path.ps1'
[0.286s] INFO:colcon.colcon_core.shell:Creating environment descriptor '/home/william/Área de Trabalho/workspace/install/my_package/share/my_package/hook/cmake_prefix_path.dsv'
[0.286s] INFO:colcon.colcon_core.shell:Creating environment hook '/home/william/Área de Trabalho/workspace/install/my_package/share/my_package/hook/cmake_prefix_path.sh'
[0.287s] Level 1:colcon.colcon_core.environment:checking '/home/william/Área de Trabalho/workspace/install/my_package/lib'
[0.287s] Level 1:colcon.colcon_core.environment:checking '/home/william/Área de Trabalho/workspace/install/my_package/bin'
[0.287s] Level 1:colcon.colcon_core.environment:checking '/home/william/Área de Trabalho/workspace/install/my_package/lib/pkgconfig/my_package.pc'
[0.287s] Level 1:colcon.colcon_core.environment:checking '/home/william/Área de Trabalho/workspace/install/my_package/lib/python3.8/site-packages'
[0.288s] INFO:colcon.colcon_core.shell:Creating package script '/home/william/Área de Trabalho/workspace/install/my_package/share/my_package/package.ps1'
[0.288s] INFO:colcon.colcon_core.shell:Creating package descriptor '/home/william/Área de Trabalho/workspace/install/my_package/share/my_package/package.dsv'
[0.289s] INFO:colcon.colcon_core.shell:Creating package script '/home/william/Área de Trabalho/workspace/install/my_package/share/my_package/package.sh'
[0.289s] INFO:colcon.colcon_core.shell:Creating package script '/home/william/Área de Trabalho/workspace/install/my_package/share/my_package/package.bash'
[0.290s] INFO:colcon.colcon_core.shell:Creating package script '/home/william/Área de Trabalho/workspace/install/my_package/share/my_package/package.zsh'
[0.291s] Level 1:colcon.colcon_core.environment:create_file_with_runtime_dependencies(/home/william/Área de Trabalho/workspace/install/my_package/share/colcon-core/packages/my_package)
[0.317s] Level 1:colcon.colcon_core.environment:create_environment_scripts_only(my_package)
[0.317s] Level 1:colcon.colcon_core.environment:checking '/home/william/Área de Trabalho/workspace/install/my_package' for CMake module files
[0.318s] Level 1:colcon.colcon_core.environment:checking '/home/william/Área de Trabalho/workspace/install/my_package' for CMake config files
[0.318s] Level 1:colcon.colcon_core.shell:create_environment_hook('my_package', 'cmake_prefix_path')
[0.319s] INFO:colcon.colcon_core.shell:Creating environment hook '/home/william/Área de Trabalho/workspace/install/my_package/share/my_package/hook/cmake_prefix_path.ps1'
[0.319s] INFO:colcon.colcon_core.shell:Creating environment descriptor '/home/william/Área de Trabalho/workspace/install/my_package/share/my_package/hook/cmake_prefix_path.dsv'
[0.319s] INFO:colcon.colcon_core.shell:Creating environment hook '/home/william/Área de Trabalho/workspace/install/my_package/share/my_package/hook/cmake_prefix_path.sh'
[0.320s] Level 1:colcon.colcon_core.environment:checking '/home/william/Área de Trabalho/workspace/install/my_package/lib'
[0.320s] Level 1:colcon.colcon_core.environment:checking '/home/william/Área de Trabalho/workspace/install/my_package/bin'
[0.320s] Level 1:colcon.colcon_core.environment:checking '/home/william/Área de Trabalho/workspace/install/my_package/lib/pkgconfig/my_package.pc'
[0.320s] Level 1:colcon.colcon_core.environment:checking '/home/william/Área de Trabalho/workspace/install/my_package/lib/python3.8/site-packages'
[0.320s] INFO:colcon.colcon_core.shell:Creating package script '/home/william/Área de Trabalho/workspace/install/my_package/share/my_package/package.ps1'
[0.321s] INFO:colcon.colcon_core.shell:Creating package descriptor '/home/william/Área de Trabalho/workspace/install/my_package/share/my_package/package.dsv'
[0.321s] INFO:colcon.colcon_core.shell:Creating package script '/home/william/Área de Trabalho/workspace/install/my_package/share/my_package/package.sh'
[0.322s] INFO:colcon.colcon_core.shell:Creating package script '/home/william/Área de Trabalho/workspace/install/my_package/share/my_package/package.bash'
[0.322s] INFO:colcon.colcon_core.shell:Creating package script '/home/william/Área de Trabalho/workspace/install/my_package/share/my_package/package.zsh'
[0.322s] Level 1:colcon.colcon_core.environment:create_file_with_runtime_dependencies(/home/william/Área de Trabalho/workspace/install/my_package/share/colcon-core/packages/my_package)
[0.721s] DEBUG:colcon.colcon_core.event_handler.log_command:Invoked command in '/home/william/Área de Trabalho/workspace/build/test' returned '2': CMAKE_PREFIX_PATH=${CMAKE_PREFIX_PATH}:/opt/ros/foxy /usr/local/bin/cmake --build /home/william/Área de Trabalho/workspace/build/test -- -j6 -l6
[0.731s] Level 1:colcon.colcon_core.environment:create_environment_scripts_only(test)
[0.732s] Level 1:colcon.colcon_core.environment:checking '/home/william/Área de Trabalho/workspace/install/test' for CMake module files
[0.732s] Level 1:colcon.colcon_core.environment:checking '/home/william/Área de Trabalho/workspace/install/test' for CMake config files
[0.732s] Level 1:colcon.colcon_core.shell:create_environment_hook('test', 'cmake_prefix_path')
[0.733s] INFO:colcon.colcon_core.shell:Creating environment hook '/home/william/Área de Trabalho/workspace/install/test/share/test/hook/cmake_prefix_path.ps1'
[0.733s] INFO:colcon.colcon_core.shell:Creating environment descriptor '/home/william/Área de Trabalho/workspace/install/test/share/test/hook/cmake_prefix_path.dsv'
[0.733s] INFO:colcon.colcon_core.shell:Creating environment hook '/home/william/Área de Trabalho/workspace/install/test/share/test/hook/cmake_prefix_path.sh'
[0.734s] Level 1:colcon.colcon_core.environment:checking '/home/william/Área de Trabalho/workspace/install/test/bin'
[0.734s] Level 1:colcon.colcon_core.environment:checking '/home/william/Área de Trabalho/workspace/install/test/lib/pkgconfig/test.pc'
[0.734s] Level 1:colcon.colcon_core.environment:checking '/home/william/Área de Trabalho/workspace/install/test/lib/python3.8/site-packages'
[0.734s] INFO:colcon.colcon_core.shell:Creating package script '/home/william/Área de Trabalho/workspace/install/test/share/test/package.ps1'
[0.735s] INFO:colcon.colcon_core.shell:Creating package descriptor '/home/william/Área de Trabalho/workspace/install/test/share/test/package.dsv'
[0.735s] INFO:colcon.colcon_core.shell:Creating package script '/home/william/Área de Trabalho/workspace/install/test/share/test/package.sh'
[0.735s] INFO:colcon.colcon_core.shell:Creating package script '/home/william/Área de Trabalho/workspace/install/test/share/test/package.bash'
[0.736s] INFO:colcon.colcon_core.shell:Creating package script '/home/william/Área de Trabalho/workspace/install/test/share/test/package.zsh'
[0.736s] Level 1:colcon.colcon_core.environment:create_file_with_runtime_dependencies(/home/william/Área de Trabalho/workspace/install/test/share/colcon-core/packages/test)
[0.746s] DEBUG:colcon.colcon_parallel_executor.executor.parallel:closing loop
[0.746s] DEBUG:colcon.colcon_parallel_executor.executor.parallel:loop closed
[0.746s] DEBUG:colcon.colcon_parallel_executor.executor.parallel:run_until_complete finished with '2'
[0.746s] DEBUG:colcon.colcon_core.event_reactor:joining thread
[0.752s] INFO:colcon.colcon_core.plugin_system:Skipping extension 'colcon_notification.desktop_notification.terminal_notifier': Not used on non-Darwin systems
[0.752s] INFO:colcon.colcon_core.plugin_system:Skipping extension 'colcon_notification.desktop_notification.win32': Not used on non-Windows systems
[0.752s] INFO:colcon.colcon_notification.desktop_notification:Sending desktop notification using 'notify2'
[0.778s] DEBUG:colcon.colcon_core.event_reactor:joined thread
[0.778s] INFO:colcon.colcon_core.shell:Creating prefix script '/home/william/Área de Trabalho/workspace/install/local_setup.ps1'
[0.779s] INFO:colcon.colcon_core.shell:Creating prefix util module '/home/william/Área de Trabalho/workspace/install/_local_setup_util_ps1.py'
[0.780s] INFO:colcon.colcon_core.shell:Creating prefix chain script '/home/william/Área de Trabalho/workspace/install/setup.ps1'
[0.781s] INFO:colcon.colcon_core.shell:Creating prefix script '/home/william/Área de Trabalho/workspace/install/local_setup.sh'
[0.781s] INFO:colcon.colcon_core.shell:Creating prefix util module '/home/william/Área de Trabalho/workspace/install/_local_setup_util_sh.py'
[0.782s] INFO:colcon.colcon_core.shell:Creating prefix chain script '/home/william/Área de Trabalho/workspace/install/setup.sh'
[0.783s] INFO:colcon.colcon_core.shell:Creating prefix script '/home/william/Área de Trabalho/workspace/install/local_setup.bash'
[0.783s] INFO:colcon.colcon_core.shell:Creating prefix chain script '/home/william/Área de Trabalho/workspace/install/setup.bash'
[0.784s] INFO:colcon.colcon_core.shell:Creating prefix script '/home/william/Área de Trabalho/workspace/install/local_setup.zsh'
[0.784s] INFO:colcon.colcon_core.shell:Creating prefix chain script '/home/william/Área de Trabalho/workspace/install/setup.zsh'
