[0.124s] DEBUG:colcon:Command line arguments: ['/usr/bin/colcon', 'build']
[0.125s] DEBUG:colcon:Parsed command line arguments: Namespace(allow_overriding=[], ament_cmake_args=None, base_paths=['.'], build_base='build', catkin_cmake_args=None, catkin_skip_building_tests=False, cmake_args=None, cmake_clean_cache=False, cmake_clean_first=False, cmake_force_configure=False, cmake_target=None, cmake_target_skip_unavailable=False, continue_on_error=False, event_handlers=None, executor='parallel', ignore_user_meta=False, install_base='install', log_base=None, log_level=None, main=<bound method BuildVerb.main of <colcon_core.verb.build.BuildVerb object at 0x7f594a1cc6d0>>, merge_install=False, metas=['./colcon.meta'], packages_above=None, packages_above_and_dependencies=None, packages_above_depth=None, packages_end=None, packages_ignore=None, packages_ignore_regex=None, packages_select=None, packages_select_build_failed=False, packages_select_by_dep=None, packages_select_regex=None, packages_select_test_failures=False, packages_skip=None, packages_skip_build_finished=False, packages_skip_by_dep=None, packages_skip_regex=None, packages_skip_test_passed=False, packages_skip_up_to=None, packages_start=None, packages_up_to=None, packages_up_to_regex=None, parallel_workers=6, paths=None, symlink_install=False, test_result_base=None, verb_extension=<colcon_core.verb.build.BuildVerb object at 0x7f594a1cc6d0>, verb_name='build', verb_parser=<colcon_defaults.argument_parser.defaults.DefaultArgumentsDecorator object at 0x7f594a1ccc10>)
[0.128s] Level 1:colcon.colcon_core.package_discovery:discover_packages(colcon_meta) check parameters
[0.129s] Level 1:colcon.colcon_core.package_discovery:discover_packages(recursive) check parameters
[0.129s] Level 1:colcon.colcon_core.package_discovery:discover_packages(ignore) check parameters
[0.129s] Level 1:colcon.colcon_core.package_discovery:discover_packages(path) check parameters
[0.129s] Level 1:colcon.colcon_core.package_discovery:discover_packages(colcon_meta) discover
[0.129s] Level 1:colcon.colcon_core.package_discovery:discover_packages(recursive) discover
[0.129s] INFO:colcon.colcon_core.package_discovery:Crawling recursively for packages in '/home/william/Área de Trabalho/workspace'
[0.129s] Level 1:colcon.colcon_core.package_identification:_identify(.) by extensions ['ignore', 'ignore_ament_install']
[0.129s] Level 1:colcon.colcon_core.package_identification:_identify(.) by extension 'ignore'
[0.129s] Level 1:colcon.colcon_core.package_identification:_identify(.) by extension 'ignore_ament_install'
[0.129s] Level 1:colcon.colcon_core.package_identification:_identify(.) by extensions ['colcon_pkg']
[0.129s] Level 1:colcon.colcon_core.package_identification:_identify(.) by extension 'colcon_pkg'
[0.129s] Level 1:colcon.colcon_core.package_identification:_identify(.) by extensions ['colcon_meta']
[0.129s] Level 1:colcon.colcon_core.package_identification:_identify(.) by extension 'colcon_meta'
[0.129s] Level 1:colcon.colcon_core.package_identification:_identify(.) by extensions ['ros']
[0.129s] Level 1:colcon.colcon_core.package_identification:_identify(.) by extension 'ros'
[0.138s] Level 1:colcon.colcon_core.package_identification:_identify(.) by extensions ['cmake', 'python']
[0.138s] Level 1:colcon.colcon_core.package_identification:_identify(.) by extension 'cmake'
[0.138s] Level 1:colcon.colcon_core.package_identification:_identify(.) by extension 'python'
[0.138s] Level 1:colcon.colcon_core.package_identification:_identify(.) by extensions ['python_setup_py']
[0.138s] Level 1:colcon.colcon_core.package_identification:_identify(.) by extension 'python_setup_py'
[0.138s] Level 1:colcon.colcon_core.package_identification:_identify(build) by extensions ['ignore', 'ignore_ament_install']
[0.138s] Level 1:colcon.colcon_core.package_identification:_identify(build) by extension 'ignore'
[0.139s] Level 1:colcon.colcon_core.package_identification:_identify(build) ignored
[0.139s] Level 1:colcon.colcon_core.package_identification:_identify(install) by extensions ['ignore', 'ignore_ament_install']
[0.139s] Level 1:colcon.colcon_core.package_identification:_identify(install) by extension 'ignore'
[0.139s] Level 1:colcon.colcon_core.package_identification:_identify(install) ignored
[0.139s] Level 1:colcon.colcon_core.package_identification:_identify(log) by extensions ['ignore', 'ignore_ament_install']
[0.139s] Level 1:colcon.colcon_core.package_identification:_identify(log) by extension 'ignore'
[0.139s] Level 1:colcon.colcon_core.package_identification:_identify(log) ignored
[0.139s] Level 1:colcon.colcon_core.package_identification:_identify(src) by extensions ['ignore', 'ignore_ament_install']
[0.139s] Level 1:colcon.colcon_core.package_identification:_identify(src) by extension 'ignore'
[0.139s] Level 1:colcon.colcon_core.package_identification:_identify(src) by extension 'ignore_ament_install'
[0.139s] Level 1:colcon.colcon_core.package_identification:_identify(src) by extensions ['colcon_pkg']
[0.139s] Level 1:colcon.colcon_core.package_identification:_identify(src) by extension 'colcon_pkg'
[0.139s] Level 1:colcon.colcon_core.package_identification:_identify(src) by extensions ['colcon_meta']
[0.139s] Level 1:colcon.colcon_core.package_identification:_identify(src) by extension 'colcon_meta'
[0.139s] Level 1:colcon.colcon_core.package_identification:_identify(src) by extensions ['ros']
[0.139s] Level 1:colcon.colcon_core.package_identification:_identify(src) by extension 'ros'
[0.139s] Level 1:colcon.colcon_core.package_identification:_identify(src) by extensions ['cmake', 'python']
[0.139s] Level 1:colcon.colcon_core.package_identification:_identify(src) by extension 'cmake'
[0.139s] Level 1:colcon.colcon_core.package_identification:_identify(src) by extension 'python'
[0.140s] Level 1:colcon.colcon_core.package_identification:_identify(src) by extensions ['python_setup_py']
[0.140s] Level 1:colcon.colcon_core.package_identification:_identify(src) by extension 'python_setup_py'
[0.140s] Level 1:colcon.colcon_core.package_identification:_identify(src/my_package) by extensions ['ignore', 'ignore_ament_install']
[0.140s] Level 1:colcon.colcon_core.package_identification:_identify(src/my_package) by extension 'ignore'
[0.140s] Level 1:colcon.colcon_core.package_identification:_identify(src/my_package) by extension 'ignore_ament_install'
[0.140s] Level 1:colcon.colcon_core.package_identification:_identify(src/my_package) by extensions ['colcon_pkg']
[0.140s] Level 1:colcon.colcon_core.package_identification:_identify(src/my_package) by extension 'colcon_pkg'
[0.140s] Level 1:colcon.colcon_core.package_identification:_identify(src/my_package) by extensions ['colcon_meta']
[0.140s] Level 1:colcon.colcon_core.package_identification:_identify(src/my_package) by extension 'colcon_meta'
[0.140s] Level 1:colcon.colcon_core.package_identification:_identify(src/my_package) by extensions ['ros']
[0.140s] Level 1:colcon.colcon_core.package_identification:_identify(src/my_package) by extension 'ros'
[0.142s] DEBUG:colcon.colcon_core.package_identification:Package 'src/my_package' with type 'ros.ament_cmake' and name 'my_package'
[0.142s] Level 1:colcon.colcon_core.package_identification:_identify(src/test) by extensions ['ignore', 'ignore_ament_install']
[0.142s] Level 1:colcon.colcon_core.package_identification:_identify(src/test) by extension 'ignore'
[0.142s] Level 1:colcon.colcon_core.package_identification:_identify(src/test) by extension 'ignore_ament_install'
[0.142s] Level 1:colcon.colcon_core.package_identification:_identify(src/test) by extensions ['colcon_pkg']
[0.142s] Level 1:colcon.colcon_core.package_identification:_identify(src/test) by extension 'colcon_pkg'
[0.142s] Level 1:colcon.colcon_core.package_identification:_identify(src/test) by extensions ['colcon_meta']
[0.142s] Level 1:colcon.colcon_core.package_identification:_identify(src/test) by extension 'colcon_meta'
[0.142s] Level 1:colcon.colcon_core.package_identification:_identify(src/test) by extensions ['ros']
[0.142s] Level 1:colcon.colcon_core.package_identification:_identify(src/test) by extension 'ros'
[0.143s] DEBUG:colcon.colcon_core.package_identification:Package 'src/test' with type 'ros.ament_cmake' and name 'test'
[0.143s] Level 1:colcon.colcon_core.package_discovery:discover_packages(recursive) using defaults
[0.143s] Level 1:colcon.colcon_core.package_discovery:discover_packages(ignore) discover
[0.143s] Level 1:colcon.colcon_core.package_discovery:discover_packages(ignore) using defaults
[0.143s] Level 1:colcon.colcon_core.package_discovery:discover_packages(path) discover
[0.143s] Level 1:colcon.colcon_core.package_discovery:discover_packages(path) using defaults
[0.158s] Level 5:colcon.colcon_core.verb:set package 'my_package' build argument 'cmake_args' from command line to 'None'
[0.158s] Level 5:colcon.colcon_core.verb:set package 'my_package' build argument 'cmake_target' from command line to 'None'
[0.158s] Level 5:colcon.colcon_core.verb:set package 'my_package' build argument 'cmake_target_skip_unavailable' from command line to 'False'
[0.158s] Level 5:colcon.colcon_core.verb:set package 'my_package' build argument 'cmake_clean_cache' from command line to 'False'
[0.158s] Level 5:colcon.colcon_core.verb:set package 'my_package' build argument 'cmake_clean_first' from command line to 'False'
[0.159s] Level 5:colcon.colcon_core.verb:set package 'my_package' build argument 'cmake_force_configure' from command line to 'False'
[0.159s] Level 5:colcon.colcon_core.verb:set package 'my_package' build argument 'ament_cmake_args' from command line to 'None'
[0.159s] Level 5:colcon.colcon_core.verb:set package 'my_package' build argument 'catkin_cmake_args' from command line to 'None'
[0.159s] Level 5:colcon.colcon_core.verb:set package 'my_package' build argument 'catkin_skip_building_tests' from command line to 'False'
[0.159s] DEBUG:colcon.colcon_core.verb:Building package 'my_package' with the following arguments: {'ament_cmake_args': None, 'build_base': '/home/william/Área de Trabalho/workspace/build/my_package', 'catkin_cmake_args': None, 'catkin_skip_building_tests': False, 'cmake_args': None, 'cmake_clean_cache': False, 'cmake_clean_first': False, 'cmake_force_configure': False, 'cmake_target': None, 'cmake_target_skip_unavailable': False, 'install_base': '/home/william/Área de Trabalho/workspace/install/my_package', 'merge_install': False, 'path': '/home/william/Área de Trabalho/workspace/src/my_package', 'symlink_install': False, 'test_result_base': None}
[0.159s] Level 5:colcon.colcon_core.verb:set package 'test' build argument 'cmake_args' from command line to 'None'
[0.159s] Level 5:colcon.colcon_core.verb:set package 'test' build argument 'cmake_target' from command line to 'None'
[0.159s] Level 5:colcon.colcon_core.verb:set package 'test' build argument 'cmake_target_skip_unavailable' from command line to 'False'
[0.159s] Level 5:colcon.colcon_core.verb:set package 'test' build argument 'cmake_clean_cache' from command line to 'False'
[0.159s] Level 5:colcon.colcon_core.verb:set package 'test' build argument 'cmake_clean_first' from command line to 'False'
[0.159s] Level 5:colcon.colcon_core.verb:set package 'test' build argument 'cmake_force_configure' from command line to 'False'
[0.159s] Level 5:colcon.colcon_core.verb:set package 'test' build argument 'ament_cmake_args' from command line to 'None'
[0.159s] Level 5:colcon.colcon_core.verb:set package 'test' build argument 'catkin_cmake_args' from command line to 'None'
[0.159s] Level 5:colcon.colcon_core.verb:set package 'test' build argument 'catkin_skip_building_tests' from command line to 'False'
[0.159s] DEBUG:colcon.colcon_core.verb:Building package 'test' with the following arguments: {'ament_cmake_args': None, 'build_base': '/home/william/Área de Trabalho/workspace/build/test', 'catkin_cmake_args': None, 'catkin_skip_building_tests': False, 'cmake_args': None, 'cmake_clean_cache': False, 'cmake_clean_first': False, 'cmake_force_configure': False, 'cmake_target': None, 'cmake_target_skip_unavailable': False, 'install_base': '/home/william/Área de Trabalho/workspace/install/test', 'merge_install': False, 'path': '/home/william/Área de Trabalho/workspace/src/test', 'symlink_install': False, 'test_result_base': None}
[0.162s] INFO:colcon.colcon_core.executor:Executing jobs using 'parallel' executor
[0.164s] DEBUG:colcon.colcon_parallel_executor.executor.parallel:run_until_complete
[0.164s] INFO:colcon.colcon_ros.task.ament_cmake.build:Building ROS package in '/home/william/Área de Trabalho/workspace/src/my_package' with build type 'ament_cmake'
[0.165s] INFO:colcon.colcon_cmake.task.cmake.build:Building CMake package in '/home/william/Área de Trabalho/workspace/src/my_package'
[0.168s] INFO:colcon.colcon_core.plugin_system:Skipping extension 'colcon_core.shell.bat': Not used on non-Windows systems
[0.168s] INFO:colcon.colcon_core.shell:Skip shell extension 'powershell' for command environment: Not usable outside of PowerShell
[0.168s] DEBUG:colcon.colcon_core.shell:Skip shell extension 'dsv' for command environment
[0.170s] DEBUG:colcon.colcon_core.shell:Ignoring prefix path '/opt/ros/noetic'
[0.172s] INFO:colcon.colcon_ros.task.ament_cmake.build:Building ROS package in '/home/william/Área de Trabalho/workspace/src/test' with build type 'ament_cmake'
[0.172s] INFO:colcon.colcon_cmake.task.cmake.build:Building CMake package in '/home/william/Área de Trabalho/workspace/src/test'
[0.173s] INFO:colcon.colcon_core.shell:Skip shell extension 'powershell' for command environment: Not usable outside of PowerShell
[0.173s] DEBUG:colcon.colcon_core.shell:Skip shell extension 'dsv' for command environment
[0.175s] DEBUG:colcon.colcon_core.shell:Ignoring prefix path '/opt/ros/noetic'
[0.183s] DEBUG:colcon.colcon_core.event_handler.log_command:Invoking command in '/home/william/Área de Trabalho/workspace/build/my_package': CMAKE_PREFIX_PATH=/opt/ros/foxy:${CMAKE_PREFIX_PATH} /usr/local/bin/cmake --build /home/william/Área de Trabalho/workspace/build/my_package -- -j6 -l6
[0.190s] DEBUG:colcon.colcon_core.event_handler.log_command:Invoking command in '/home/william/Área de Trabalho/workspace/build/test': CMAKE_PREFIX_PATH=/opt/ros/foxy:${CMAKE_PREFIX_PATH} /usr/local/bin/cmake --build /home/william/Área de Trabalho/workspace/build/test -- -j6 -l6
[0.208s] DEBUG:colcon.colcon_core.event_handler.log_command:Invoked command in '/home/william/Área de Trabalho/workspace/build/my_package' returned '0': CMAKE_PREFIX_PATH=/opt/ros/foxy:${CMAKE_PREFIX_PATH} /usr/local/bin/cmake --build /home/william/Área de Trabalho/workspace/build/my_package -- -j6 -l6
[0.234s] DEBUG:colcon.colcon_core.event_handler.log_command:Invoking command in '/home/william/Área de Trabalho/workspace/build/my_package': CMAKE_PREFIX_PATH=/opt/ros/foxy:${CMAKE_PREFIX_PATH} /usr/local/bin/cmake --install /home/william/Área de Trabalho/workspace/build/my_package
[0.237s] Level 1:colcon.colcon_core.environment:create_environment_scripts_only(my_package)
[0.238s] DEBUG:colcon.colcon_core.event_handler.log_command:Invoked command in '/home/william/Área de Trabalho/workspace/build/my_package' returned '0': CMAKE_PREFIX_PATH=/opt/ros/foxy:${CMAKE_PREFIX_PATH} /usr/local/bin/cmake --install /home/william/Área de Trabalho/workspace/build/my_package
[0.241s] Level 1:colcon.colcon_core.environment:checking '/home/william/Área de Trabalho/workspace/install/my_package' for CMake module files
[0.242s] Level 1:colcon.colcon_core.environment:checking '/home/william/Área de Trabalho/workspace/install/my_package' for CMake config files
[0.242s] Level 1:colcon.colcon_core.shell:create_environment_hook('my_package', 'cmake_prefix_path')
[0.243s] INFO:colcon.colcon_core.shell:Creating environment hook '/home/william/Área de Trabalho/workspace/install/my_package/share/my_package/hook/cmake_prefix_path.ps1'
[0.243s] INFO:colcon.colcon_core.shell:Creating environment descriptor '/home/william/Área de Trabalho/workspace/install/my_package/share/my_package/hook/cmake_prefix_path.dsv'
[0.243s] INFO:colcon.colcon_core.shell:Creating environment hook '/home/william/Área de Trabalho/workspace/install/my_package/share/my_package/hook/cmake_prefix_path.sh'
[0.244s] Level 1:colcon.colcon_core.environment:checking '/home/william/Área de Trabalho/workspace/install/my_package/lib'
[0.244s] Level 1:colcon.colcon_core.environment:checking '/home/william/Área de Trabalho/workspace/install/my_package/bin'
[0.244s] Level 1:colcon.colcon_core.environment:checking '/home/william/Área de Trabalho/workspace/install/my_package/lib/pkgconfig/my_package.pc'
[0.245s] Level 1:colcon.colcon_core.environment:checking '/home/william/Área de Trabalho/workspace/install/my_package/lib/python3.8/site-packages'
[0.245s] INFO:colcon.colcon_core.shell:Creating package script '/home/william/Área de Trabalho/workspace/install/my_package/share/my_package/package.ps1'
[0.246s] INFO:colcon.colcon_core.shell:Creating package descriptor '/home/william/Área de Trabalho/workspace/install/my_package/share/my_package/package.dsv'
[0.246s] INFO:colcon.colcon_core.shell:Creating package script '/home/william/Área de Trabalho/workspace/install/my_package/share/my_package/package.sh'
[0.247s] INFO:colcon.colcon_core.shell:Creating package script '/home/william/Área de Trabalho/workspace/install/my_package/share/my_package/package.bash'
[0.247s] INFO:colcon.colcon_core.shell:Creating package script '/home/william/Área de Trabalho/workspace/install/my_package/share/my_package/package.zsh'
[0.248s] Level 1:colcon.colcon_core.environment:create_file_with_runtime_dependencies(/home/william/Área de Trabalho/workspace/install/my_package/share/colcon-core/packages/my_package)
[0.261s] Level 1:colcon.colcon_core.environment:create_environment_scripts_only(my_package)
[0.262s] Level 1:colcon.colcon_core.environment:checking '/home/william/Área de Trabalho/workspace/install/my_package' for CMake module files
[0.262s] Level 1:colcon.colcon_core.environment:checking '/home/william/Área de Trabalho/workspace/install/my_package' for CMake config files
[0.263s] Level 1:colcon.colcon_core.shell:create_environment_hook('my_package', 'cmake_prefix_path')
[0.263s] INFO:colcon.colcon_core.shell:Creating environment hook '/home/william/Área de Trabalho/workspace/install/my_package/share/my_package/hook/cmake_prefix_path.ps1'
[0.264s] INFO:colcon.colcon_core.shell:Creating environment descriptor '/home/william/Área de Trabalho/workspace/install/my_package/share/my_package/hook/cmake_prefix_path.dsv'
[0.264s] INFO:colcon.colcon_core.shell:Creating environment hook '/home/william/Área de Trabalho/workspace/install/my_package/share/my_package/hook/cmake_prefix_path.sh'
[0.265s] Level 1:colcon.colcon_core.environment:checking '/home/william/Área de Trabalho/workspace/install/my_package/lib'
[0.265s] Level 1:colcon.colcon_core.environment:checking '/home/william/Área de Trabalho/workspace/install/my_package/bin'
[0.265s] Level 1:colcon.colcon_core.environment:checking '/home/william/Área de Trabalho/workspace/install/my_package/lib/pkgconfig/my_package.pc'
[0.265s] Level 1:colcon.colcon_core.environment:checking '/home/william/Área de Trabalho/workspace/install/my_package/lib/python3.8/site-packages'
[0.265s] INFO:colcon.colcon_core.shell:Creating package script '/home/william/Área de Trabalho/workspace/install/my_package/share/my_package/package.ps1'
[0.266s] INFO:colcon.colcon_core.shell:Creating package descriptor '/home/william/Área de Trabalho/workspace/install/my_package/share/my_package/package.dsv'
[0.266s] INFO:colcon.colcon_core.shell:Creating package script '/home/william/Área de Trabalho/workspace/install/my_package/share/my_package/package.sh'
[0.266s] INFO:colcon.colcon_core.shell:Creating package script '/home/william/Área de Trabalho/workspace/install/my_package/share/my_package/package.bash'
[0.267s] INFO:colcon.colcon_core.shell:Creating package script '/home/william/Área de Trabalho/workspace/install/my_package/share/my_package/package.zsh'
[0.267s] Level 1:colcon.colcon_core.environment:create_file_with_runtime_dependencies(/home/william/Área de Trabalho/workspace/install/my_package/share/colcon-core/packages/my_package)
[2.376s] DEBUG:colcon.colcon_core.event_handler.log_command:Invoked command in '/home/william/Área de Trabalho/workspace/build/test' returned '2': CMAKE_PREFIX_PATH=/opt/ros/foxy:${CMAKE_PREFIX_PATH} /usr/local/bin/cmake --build /home/william/Área de Trabalho/workspace/build/test -- -j6 -l6
[2.391s] Level 1:colcon.colcon_core.environment:create_environment_scripts_only(test)
[2.392s] Level 1:colcon.colcon_core.environment:checking '/home/william/Área de Trabalho/workspace/install/test' for CMake module files
[2.393s] Level 1:colcon.colcon_core.environment:checking '/home/william/Área de Trabalho/workspace/install/test' for CMake config files
[2.393s] Level 1:colcon.colcon_core.shell:create_environment_hook('test', 'cmake_prefix_path')
[2.393s] INFO:colcon.colcon_core.shell:Creating environment hook '/home/william/Área de Trabalho/workspace/install/test/share/test/hook/cmake_prefix_path.ps1'
[2.394s] INFO:colcon.colcon_core.shell:Creating environment descriptor '/home/william/Área de Trabalho/workspace/install/test/share/test/hook/cmake_prefix_path.dsv'
[2.394s] INFO:colcon.colcon_core.shell:Creating environment hook '/home/william/Área de Trabalho/workspace/install/test/share/test/hook/cmake_prefix_path.sh'
[2.394s] Level 1:colcon.colcon_core.environment:checking '/home/william/Área de Trabalho/workspace/install/test/lib'
[2.395s] Level 1:colcon.colcon_core.environment:checking '/home/william/Área de Trabalho/workspace/install/test/bin'
[2.395s] Level 1:colcon.colcon_core.environment:checking '/home/william/Área de Trabalho/workspace/install/test/lib/pkgconfig/test.pc'
[2.395s] Level 1:colcon.colcon_core.environment:checking '/home/william/Área de Trabalho/workspace/install/test/lib/python3.8/site-packages'
[2.395s] INFO:colcon.colcon_core.shell:Creating package script '/home/william/Área de Trabalho/workspace/install/test/share/test/package.ps1'
[2.396s] INFO:colcon.colcon_core.shell:Creating package descriptor '/home/william/Área de Trabalho/workspace/install/test/share/test/package.dsv'
[2.396s] INFO:colcon.colcon_core.shell:Creating package script '/home/william/Área de Trabalho/workspace/install/test/share/test/package.sh'
[2.396s] INFO:colcon.colcon_core.shell:Creating package script '/home/william/Área de Trabalho/workspace/install/test/share/test/package.bash'
[2.397s] INFO:colcon.colcon_core.shell:Creating package script '/home/william/Área de Trabalho/workspace/install/test/share/test/package.zsh'
[2.397s] Level 1:colcon.colcon_core.environment:create_file_with_runtime_dependencies(/home/william/Área de Trabalho/workspace/install/test/share/colcon-core/packages/test)
[2.407s] DEBUG:colcon.colcon_parallel_executor.executor.parallel:closing loop
[2.407s] DEBUG:colcon.colcon_parallel_executor.executor.parallel:loop closed
[2.408s] DEBUG:colcon.colcon_parallel_executor.executor.parallel:run_until_complete finished with '2'
[2.408s] DEBUG:colcon.colcon_core.event_reactor:joining thread
[2.413s] INFO:colcon.colcon_core.plugin_system:Skipping extension 'colcon_notification.desktop_notification.terminal_notifier': Not used on non-Darwin systems
[2.413s] INFO:colcon.colcon_core.plugin_system:Skipping extension 'colcon_notification.desktop_notification.win32': Not used on non-Windows systems
[2.413s] INFO:colcon.colcon_notification.desktop_notification:Sending desktop notification using 'notify2'
[2.424s] DEBUG:colcon.colcon_core.event_reactor:joined thread
[2.425s] INFO:colcon.colcon_core.shell:Creating prefix script '/home/william/Área de Trabalho/workspace/install/local_setup.ps1'
[2.425s] INFO:colcon.colcon_core.shell:Creating prefix util module '/home/william/Área de Trabalho/workspace/install/_local_setup_util_ps1.py'
[2.427s] INFO:colcon.colcon_core.shell:Creating prefix chain script '/home/william/Área de Trabalho/workspace/install/setup.ps1'
[2.428s] INFO:colcon.colcon_core.shell:Creating prefix script '/home/william/Área de Trabalho/workspace/install/local_setup.sh'
[2.428s] INFO:colcon.colcon_core.shell:Creating prefix util module '/home/william/Área de Trabalho/workspace/install/_local_setup_util_sh.py'
[2.428s] INFO:colcon.colcon_core.shell:Creating prefix chain script '/home/william/Área de Trabalho/workspace/install/setup.sh'
[2.429s] INFO:colcon.colcon_core.shell:Creating prefix script '/home/william/Área de Trabalho/workspace/install/local_setup.bash'
[2.430s] INFO:colcon.colcon_core.shell:Creating prefix chain script '/home/william/Área de Trabalho/workspace/install/setup.bash'
[2.439s] INFO:colcon.colcon_core.shell:Creating prefix script '/home/william/Área de Trabalho/workspace/install/local_setup.zsh'
[2.440s] INFO:colcon.colcon_core.shell:Creating prefix chain script '/home/william/Área de Trabalho/workspace/install/setup.zsh'
